{"context":"RoutesResolver","level":"info","message":"AppController {/}:","time":"2024-07-01 17:49:02","timestamp":"2024-07-01T09:49:02.359Z"}
{"context":"RouterExplorer","level":"info","message":"Mapped {/, GET} route","time":"2024-07-01 17:49:02","timestamp":"2024-07-01T09:49:02.362Z"}
{"context":"RoutesResolver","level":"info","message":"DemoController {/demo}:","time":"2024-07-01 17:49:02","timestamp":"2024-07-01T09:49:02.363Z"}
{"context":"RouterExplorer","level":"info","message":"Mapped {/demo, POST} route","time":"2024-07-01 17:49:02","timestamp":"2024-07-01T09:49:02.364Z"}
{"context":"RouterExplorer","level":"info","message":"Mapped {/demo, GET} route","time":"2024-07-01 17:49:02","timestamp":"2024-07-01T09:49:02.365Z"}
{"context":"RouterExplorer","level":"info","message":"Mapped {/demo/:id, GET} route","time":"2024-07-01 17:49:02","timestamp":"2024-07-01T09:49:02.365Z"}
{"context":"RouterExplorer","level":"info","message":"Mapped {/demo/:id, PATCH} route","time":"2024-07-01 17:49:02","timestamp":"2024-07-01T09:49:02.366Z"}
{"context":"RouterExplorer","level":"info","message":"Mapped {/demo/:id, DELETE} route","time":"2024-07-01 17:49:02","timestamp":"2024-07-01T09:49:02.367Z"}
{"context":"NestApplication","level":"info","message":"Nest application successfully started","time":"2024-07-01 17:49:02","timestamp":"2024-07-01T09:49:02.369Z"}
{"context":"RoutesResolver","level":"info","message":"AppController {/}:","time":"2024-07-01 17:50:27","timestamp":"2024-07-01T09:50:27.327Z"}
{"context":"RouterExplorer","level":"info","message":"Mapped {/, GET} route","time":"2024-07-01 17:50:27","timestamp":"2024-07-01T09:50:27.331Z"}
{"context":"RoutesResolver","level":"info","message":"DemoController {/demo}:","time":"2024-07-01 17:50:27","timestamp":"2024-07-01T09:50:27.331Z"}
{"context":"RouterExplorer","level":"info","message":"Mapped {/demo, POST} route","time":"2024-07-01 17:50:27","timestamp":"2024-07-01T09:50:27.332Z"}
{"context":"RouterExplorer","level":"info","message":"Mapped {/demo, GET} route","time":"2024-07-01 17:50:27","timestamp":"2024-07-01T09:50:27.333Z"}
{"context":"RouterExplorer","level":"info","message":"Mapped {/demo/:id, GET} route","time":"2024-07-01 17:50:27","timestamp":"2024-07-01T09:50:27.334Z"}
{"context":"RouterExplorer","level":"info","message":"Mapped {/demo/:id, PATCH} route","time":"2024-07-01 17:50:27","timestamp":"2024-07-01T09:50:27.334Z"}
{"context":"RouterExplorer","level":"info","message":"Mapped {/demo/:id, DELETE} route","time":"2024-07-01 17:50:27","timestamp":"2024-07-01T09:50:27.335Z"}
{"context":"NestApplication","level":"info","message":"Nest application successfully started","time":"2024-07-01 17:50:27","timestamp":"2024-07-01T09:50:27.339Z"}
{"context":"RoutesResolver","level":"info","message":"AppController {/}:","time":"2024-07-01 17:50:37","timestamp":"2024-07-01T09:50:37.946Z"}
{"context":"RouterExplorer","level":"info","message":"Mapped {/, GET} route","time":"2024-07-01 17:50:37","timestamp":"2024-07-01T09:50:37.950Z"}
{"context":"RoutesResolver","level":"info","message":"DemoController {/demo}:","time":"2024-07-01 17:50:37","timestamp":"2024-07-01T09:50:37.950Z"}
{"context":"RouterExplorer","level":"info","message":"Mapped {/demo, POST} route","time":"2024-07-01 17:50:37","timestamp":"2024-07-01T09:50:37.951Z"}
{"context":"RouterExplorer","level":"info","message":"Mapped {/demo, GET} route","time":"2024-07-01 17:50:37","timestamp":"2024-07-01T09:50:37.953Z"}
{"context":"RouterExplorer","level":"info","message":"Mapped {/demo/:id, GET} route","time":"2024-07-01 17:50:37","timestamp":"2024-07-01T09:50:37.954Z"}
{"context":"RouterExplorer","level":"info","message":"Mapped {/demo/:id, PATCH} route","time":"2024-07-01 17:50:37","timestamp":"2024-07-01T09:50:37.954Z"}
{"context":"RouterExplorer","level":"info","message":"Mapped {/demo/:id, DELETE} route","time":"2024-07-01 17:50:37","timestamp":"2024-07-01T09:50:37.955Z"}
{"context":"NestApplication","level":"info","message":"Nest application successfully started","time":"2024-07-01 17:50:37","timestamp":"2024-07-01T09:50:37.959Z"}
{"context":"RoutesResolver","level":"info","message":"AppController {/}:","time":"2024-07-01 17:50:49","timestamp":"2024-07-01T09:50:49.770Z"}
{"context":"RouterExplorer","level":"info","message":"Mapped {/, GET} route","time":"2024-07-01 17:50:49","timestamp":"2024-07-01T09:50:49.774Z"}
{"context":"RoutesResolver","level":"info","message":"DemoController {/demo}:","time":"2024-07-01 17:50:49","timestamp":"2024-07-01T09:50:49.774Z"}
{"context":"RouterExplorer","level":"info","message":"Mapped {/demo, POST} route","time":"2024-07-01 17:50:49","timestamp":"2024-07-01T09:50:49.775Z"}
{"context":"RouterExplorer","level":"info","message":"Mapped {/demo, GET} route","time":"2024-07-01 17:50:49","timestamp":"2024-07-01T09:50:49.776Z"}
{"context":"RouterExplorer","level":"info","message":"Mapped {/demo/:id, GET} route","time":"2024-07-01 17:50:49","timestamp":"2024-07-01T09:50:49.777Z"}
{"context":"RouterExplorer","level":"info","message":"Mapped {/demo/:id, PATCH} route","time":"2024-07-01 17:50:49","timestamp":"2024-07-01T09:50:49.777Z"}
{"context":"RouterExplorer","level":"info","message":"Mapped {/demo/:id, DELETE} route","time":"2024-07-01 17:50:49","timestamp":"2024-07-01T09:50:49.778Z"}
{"context":"NestApplication","level":"info","message":"Nest application successfully started","time":"2024-07-01 17:50:49","timestamp":"2024-07-01T09:50:49.781Z"}
{"context":"RoutesResolver","level":"info","message":"AppController {/}:","time":"2024-07-01 17:51:57","timestamp":"2024-07-01T09:51:57.323Z"}
{"context":"RouterExplorer","level":"info","message":"Mapped {/, GET} route","time":"2024-07-01 17:51:57","timestamp":"2024-07-01T09:51:57.326Z"}
{"context":"RoutesResolver","level":"info","message":"DemoController {/demo}:","time":"2024-07-01 17:51:57","timestamp":"2024-07-01T09:51:57.327Z"}
{"context":"RouterExplorer","level":"info","message":"Mapped {/demo, POST} route","time":"2024-07-01 17:51:57","timestamp":"2024-07-01T09:51:57.328Z"}
{"context":"RouterExplorer","level":"info","message":"Mapped {/demo, GET} route","time":"2024-07-01 17:51:57","timestamp":"2024-07-01T09:51:57.328Z"}
{"context":"RouterExplorer","level":"info","message":"Mapped {/demo/:id, GET} route","time":"2024-07-01 17:51:57","timestamp":"2024-07-01T09:51:57.329Z"}
{"context":"RouterExplorer","level":"info","message":"Mapped {/demo/:id, PATCH} route","time":"2024-07-01 17:51:57","timestamp":"2024-07-01T09:51:57.330Z"}
{"context":"RouterExplorer","level":"info","message":"Mapped {/demo/:id, DELETE} route","time":"2024-07-01 17:51:57","timestamp":"2024-07-01T09:51:57.331Z"}
{"context":"NestApplication","level":"info","message":"Nest application successfully started","time":"2024-07-01 17:51:57","timestamp":"2024-07-01T09:51:57.334Z"}
{"level":"info","message":"成功","time":"2024-07-01 17:52:00","timestamp":"2024-07-01T09:52:00.411Z"}
{"context":"RoutesResolver","level":"info","message":"AppController {/}:","time":"2024-07-01 17:54:29","timestamp":"2024-07-01T09:54:29.675Z"}
{"context":"RouterExplorer","level":"info","message":"Mapped {/, GET} route","time":"2024-07-01 17:54:29","timestamp":"2024-07-01T09:54:29.678Z"}
{"context":"RoutesResolver","level":"info","message":"DemoController {/demo}:","time":"2024-07-01 17:54:29","timestamp":"2024-07-01T09:54:29.679Z"}
{"context":"RouterExplorer","level":"info","message":"Mapped {/demo, POST} route","time":"2024-07-01 17:54:29","timestamp":"2024-07-01T09:54:29.680Z"}
{"context":"RouterExplorer","level":"info","message":"Mapped {/demo, GET} route","time":"2024-07-01 17:54:29","timestamp":"2024-07-01T09:54:29.680Z"}
{"context":"RouterExplorer","level":"info","message":"Mapped {/demo/:id, GET} route","time":"2024-07-01 17:54:29","timestamp":"2024-07-01T09:54:29.681Z"}
{"context":"RouterExplorer","level":"info","message":"Mapped {/demo/:id, PATCH} route","time":"2024-07-01 17:54:29","timestamp":"2024-07-01T09:54:29.682Z"}
{"context":"RouterExplorer","level":"info","message":"Mapped {/demo/:id, DELETE} route","time":"2024-07-01 17:54:29","timestamp":"2024-07-01T09:54:29.682Z"}
{"context":"NestApplication","level":"info","message":"Nest application successfully started","time":"2024-07-01 17:54:29","timestamp":"2024-07-01T09:54:29.685Z"}
{"context":"RoutesResolver","level":"info","message":"AppController {/}:","time":"2024-07-01 17:59:06","timestamp":"2024-07-01T09:59:06.788Z"}
{"context":"RouterExplorer","level":"info","message":"Mapped {/, GET} route","time":"2024-07-01 17:59:06","timestamp":"2024-07-01T09:59:06.792Z"}
{"context":"RoutesResolver","level":"info","message":"DemoController {/demo}:","time":"2024-07-01 17:59:06","timestamp":"2024-07-01T09:59:06.792Z"}
{"context":"RouterExplorer","level":"info","message":"Mapped {/demo, POST} route","time":"2024-07-01 17:59:06","timestamp":"2024-07-01T09:59:06.793Z"}
{"context":"RouterExplorer","level":"info","message":"Mapped {/demo, GET} route","time":"2024-07-01 17:59:06","timestamp":"2024-07-01T09:59:06.794Z"}
{"context":"RouterExplorer","level":"info","message":"Mapped {/demo/:id, GET} route","time":"2024-07-01 17:59:06","timestamp":"2024-07-01T09:59:06.795Z"}
{"context":"RouterExplorer","level":"info","message":"Mapped {/demo/:id, PATCH} route","time":"2024-07-01 17:59:06","timestamp":"2024-07-01T09:59:06.795Z"}
{"context":"RouterExplorer","level":"info","message":"Mapped {/demo/:id, DELETE} route","time":"2024-07-01 17:59:06","timestamp":"2024-07-01T09:59:06.796Z"}
{"context":"NestApplication","level":"info","message":"Nest application successfully started","time":"2024-07-01 17:59:06","timestamp":"2024-07-01T09:59:06.799Z"}
{"level":"info","message":"成功","time":"2024-07-01 17:59:11","timestamp":"2024-07-01T09:59:11.264Z"}
{"context":"222","level":"info","message":" <<<<<<<<<<<<<<<<<<<<<<<<<<<<<<<<<<<<<<<<<<<<<<<<<<<<<<<<<<<<<<<<\n    Request original url: /demo/1\n    Method: GET\n    IP: ::ffff:127.0.0.1\n    Status code: 500\n    Response: TypeError: this.logger.info is not a function \n  <<<<<<<<<<<<<<<<<<<<<<<<<<<<<<<<<<<<<<<<<<<<<<<<<<<<<<<<<<<<<<<<\n    ","time":"2024-07-01 17:59:11","timestamp":"2024-07-01T09:59:11.269Z"}
